20180817-162833.599: t=130f: Always: RetroEnvironment: reportAppVersionString: CoreSync v.2.3.0.197 unk (RetroEnvironment.cpp.reportAppVersionString.43)
20180817-162833.603: t=130f: Always: RetroEnvironment: reportDetailedOsVersionInfo: OSVer: Version 10.10.5 (Build 14F2511); Arch: x86_64h; AppVer: 2.3.0.197 (RetroEnvironment.cpp.reportDetailedOsVersionInfo.51)
20180817-162833.603: t=130f: Always: RetroEnvironment: reportHostVersionInfo: kHostVersion: 33 (RetroEnvironment.cpp.reportHostVersionInfo.73)
20180817-162833.604: t=130f: Info: Loading plugins from folder: '/Applications/Utilities/Adobe Creative Cloud/CoreSyncPlugins'
20180817-162833.604: t=130f: Info: Loading plugins from folder: '/Applications/Utilities/Adobe Creative Cloud/CoreSyncPlugins/CCSyncPlugin'
20180817-162833.607: t=130f: Info: Plugin loaded: '/Applications/Utilities/Adobe Creative Cloud/CoreSyncPlugins/CCSyncPlugin/CCSyncPlugin.framework'
20180817-162833.607: t=130f: Info: Loading plugins from folder: '/Applications/Utilities/Adobe Creative Cloud/CoreSyncPlugins/DesignLibraryPlugin'
20180817-162833.638: t=130f: Info: Plugin loaded: '/Applications/Utilities/Adobe Creative Cloud/CoreSyncPlugins/DesignLibraryPlugin/DesignLibraryPlugin.framework'
20180817-162833.638: t=130f: Info: Loading plugins from folder: '/Applications/Utilities/Adobe Creative Cloud/CoreSyncPlugins/ExchangePlugin'
20180817-162833.642: t=130f: Info: Plugin loaded: '/Applications/Utilities/Adobe Creative Cloud/CoreSyncPlugins/ExchangePlugin/ExchangePlugin.framework'
20180817-162833.642: t=130f: Info: Loading plugins from folder: '/Applications/Utilities/Adobe Creative Cloud/CoreSyncPlugins/LiveType'
20180817-162833.646: t=130f: Info: Plugin loaded: '/Applications/Utilities/Adobe Creative Cloud/CoreSyncPlugins/LiveType/LiveType.framework'
20180817-162833.646: t=130f: Info: Loading plugins from folder: '/Applications/Utilities/Adobe Creative Cloud/CoreSyncPlugins/SynKit'
20180817-162833.649: t=130f: Info: Plugin loaded: '/Applications/Utilities/Adobe Creative Cloud/CoreSyncPlugins/SynKit/SynKit.framework'
20180817-162833.649: t=130f: Info: AppHookControllerImpl::onStartup in
20180817-162833.649: t=130f: Info: CCSyncPluginHook::onStartup
20180817-162833.650: t=130f: Info: CCSyncPlugin +++  onStartup 
20180817-162833.650: t=130f: Info: [DesignLibraryPlugin] [DesignLibraryManager.cpp:InitFileSystem:166] DesignLibraryPlugin version is "1.0.1.51"
20180817-162833.650: t=130f: Info: [DesignLibraryPlugin] [DesignLibraryAppHook.cpp:onStartup:72] register interest path "/assets/adobe-libraries/"...
20180817-162833.669: t=6203: Info: [ExchangePlugin] (EPTaskManager.cpp, 504 ) --initMainloop: initMainloop begin, and begin check if core lib is loaded..., version is 1.4.0.565
20180817-162833.673: t=130f: Info: [livetype] onStartup
20180817-162833.681: t=130f: Info: [livetype] onStartup => success
20180817-162833.681: t=130f: Info: AppHookControllerImpl::onStartup out
20180817-162833.682: t=130f: Info: jura: Begin Starting network monitor (NetworkMonitor_mac.mm.start.81)
20180817-162833.682: t=130f: Info: jura: End Starting network monitor (NetworkMonitor_mac.mm.start.81)
20180817-162833.747: t=130f: Info: jura: Command '/usr/bin/pluginkit -m -i com.adobe.accmac.ACCFinderSync' returned '0' (Utils.mm.executeCommand.75)
20180817-162833.763: t=130f: Info: extension.helper: extension is NOT INITIALIZED (AppExtensionHelper.mm.isExtensionInitialized.123)
20180817-162833.763: t=130f: Info: MShellUxWrapper: Forcing Finder appex initialization (MShellUxWrapper.mm.-[MShellUxWrapper verifyAutomaticFinderAppexEnablement].181)
20180817-162833.764: t=130f: Info: MShellUxWrapper: setHasForceInitializedExtension:  (MShellUxWrapper.mm.-[MShellUxWrapper setHasForceInitializedExtension:].198)
20180817-162833.864: t=130f: Info: jura: Command '/usr/bin/pluginkit -m -i com.adobe.accmac.ACCFinderSync' returned '0' (Utils.mm.executeCommand.75)
20180817-162833.864: t=130f: Info: extension.helper: Enabling app extension identifier: com.adobe.accmac.ACCFinderSync (AppExtensionHelper.mm.enableExtensionWithID.105)
20180817-162833.866: t=6203: Error: [ExchangePlugin] (EPTaskManager.cpp, 612 ) --createEntitlementFileFolder: makeWritableForAllUsers() failed for "/Library/Application Support/Adobe/Extension Manager CC/Configuration/Entitlement", status is -47!
20180817-162833.929: t=130f: Info: jura: Command '/usr/bin/pluginkit -e use -i com.adobe.accmac.ACCFinderSync' returned '0' (Utils.mm.executeCommand.75)
20180817-162833.929: t=130f: Info: extension.helper: enableExtension succeeded (AppExtensionHelper.mm.runCommand.79)
20180817-162833.929: t=130f: Info: extension.helper: enabled extension: SUCCESS (AppExtensionHelper.mm.initializeExtension.146)
20180817-162833.993: t=130f: Info: jura: Command '/usr/bin/pluginkit -m -i com.adobe.accmac.ACCFinderSync' returned '0' (Utils.mm.executeCommand.75)
20180817-162833.993: t=130f: Info: extension.helper: extension is INITIALIZED (AppExtensionHelper.mm.isExtensionInitialized.123)
20180817-162833.998: t=130f: Info: FolderPersistenceSqliteImpl: VerifyAndRepair: checking DB structure (FolderPersistenceSqliteImpl.cpp.VerifyAndRepair.296)
20180817-162833.998: t=130f: Info: jura.db.verification: Database Integrity Verification Started (DatabaseVerifier.cpp.verifyIntegrity.345)
20180817-162833.998: t=130f: Info: jura.db.verification: Database Integrity Verification Succeeded (DatabaseVerifier.cpp.verifyIntegrity.360)
20180817-162833.998: t=130f: Info: jura.db.verification: Database Schema Verification Started (DatabaseVerifier.cpp.verifySchema.370)
20180817-162833.999: t=130f: Info: jura.db.verification: Database Schema Verification Succeeded (DatabaseVerifier.cpp.verifySchema.412)
20180817-162833.999: t=130f: Info: FolderPersistenceSqliteImpl: VerifyAndRepair: result is 1 (FolderPersistenceSqliteImpl.cpp.VerifyAndRepair.321)
20180817-162833.999: t=130f: Info: LocalisingEnvironment: start (LocalisingEnvironment.cpp.start.30)
20180817-162834.007: t=130f: Info: AppShell: End start (AppShell.cpp.startup.138)
20180817-162834.007: t=6003: Info: app: Begin Starting up (AppController.cpp.startHandler.234)
20180817-162834.007: t=6003: Info: ipc: Broadcasting sync.out.broadcast.app.startedup 8d6399d4-d595-48fe-8fb1-113ab2db0465 (IpcController.cpp.sendBroadcast.154)
20180817-162834.008: t=6003: Info: app: End Starting up (AppController.cpp.startHandler.234)
20180817-162834.027: t=5b07: Info: [livetype] onTextReceived cosy.fonts.UpdatePreferencesRequest
20180817-162834.027: t=6403: Info: [livetype]  sendText accc.fonts.UpdatePreferencesResponse (success)
20180817-162834.028: t=6403: Info: [livetype] syncStatus: ON
20180817-162835.068: t=130f: Info: MShellUxWrapper: Finder extension initialization successful (MShellUxWrapper.mm.-[MShellUxWrapper finderInitSuccessful:].239)
20180817-164334.183: t=6003: Info: app: Begin Shutting down (AppController.cpp.stopHandler.256)
20180817-164334.183: t=6003: Info: ipc: Broadcasting sync.out.broadcast.app.shuttingdown 2e253657-1dfa-4c06-9c58-c9596d654d4d (IpcController.cpp.sendBroadcast.154)
20180817-164334.185: t=6003: Info: app: End Shutting down (AppController.cpp.stopHandler.256)
20180817-164334.186: t=130f: Info: jura.db: Closed database at /afs/andrew.cmu.edu/usr6/mxu2/Library/Application Support/Adobe/CoreSync/coresync.db (Database.cpp.close.124)
20180817-164334.187: t=130f: Info: jura: Stopped network monitor (NetworkMonitor_mac.mm.stop.127)
20180817-164334.188: t=130f: Info: AppHookControllerImpl::onShutdown in
20180817-164334.188: t=130f: Info: CCSyncPluginHook::onShutdown
20180817-164334.189: t=130f: Info: CCSyncPlugin isSyncEnabled=0
20180817-164334.199: t=130f: Info: [livetype] onShutdown
20180817-164334.200: t=6303: Info: [livetype]  disableFontSync
20180817-164334.200: t=6303: Info: [livetype] deactivated all fonts
20180817-164334.200: t=130f: Info: AppHookControllerImpl::onShutdown out
