20181115-144508.144: t=130f: Always: RetroEnvironment: reportAppVersionString: CoreSync v.2.3.0.197 unk (RetroEnvironment.cpp.reportAppVersionString.43)
20181115-144508.148: t=130f: Always: RetroEnvironment: reportDetailedOsVersionInfo: OSVer: Version 10.10.5 (Build 14F2511); Arch: x86_64h; AppVer: 2.3.0.197 (RetroEnvironment.cpp.reportDetailedOsVersionInfo.51)
20181115-144508.148: t=130f: Always: RetroEnvironment: reportHostVersionInfo: kHostVersion: 33 (RetroEnvironment.cpp.reportHostVersionInfo.73)
20181115-144508.148: t=130f: Info: Loading plugins from folder: '/Applications/Utilities/Adobe Creative Cloud/CoreSyncPlugins'
20181115-144508.148: t=130f: Info: Loading plugins from folder: '/Applications/Utilities/Adobe Creative Cloud/CoreSyncPlugins/CCSyncPlugin'
20181115-144508.150: t=130f: Info: Plugin loaded: '/Applications/Utilities/Adobe Creative Cloud/CoreSyncPlugins/CCSyncPlugin/CCSyncPlugin.framework'
20181115-144508.150: t=130f: Info: Loading plugins from folder: '/Applications/Utilities/Adobe Creative Cloud/CoreSyncPlugins/DesignLibraryPlugin'
20181115-144508.183: t=130f: Info: Plugin loaded: '/Applications/Utilities/Adobe Creative Cloud/CoreSyncPlugins/DesignLibraryPlugin/DesignLibraryPlugin.framework'
20181115-144508.183: t=130f: Info: Loading plugins from folder: '/Applications/Utilities/Adobe Creative Cloud/CoreSyncPlugins/ExchangePlugin'
20181115-144508.214: t=130f: Info: Plugin loaded: '/Applications/Utilities/Adobe Creative Cloud/CoreSyncPlugins/ExchangePlugin/ExchangePlugin.framework'
20181115-144508.214: t=130f: Info: Loading plugins from folder: '/Applications/Utilities/Adobe Creative Cloud/CoreSyncPlugins/LiveType'
20181115-144508.216: t=130f: Info: Plugin loaded: '/Applications/Utilities/Adobe Creative Cloud/CoreSyncPlugins/LiveType/LiveType.framework'
20181115-144508.216: t=130f: Info: Loading plugins from folder: '/Applications/Utilities/Adobe Creative Cloud/CoreSyncPlugins/SynKit'
20181115-144508.220: t=130f: Info: Plugin loaded: '/Applications/Utilities/Adobe Creative Cloud/CoreSyncPlugins/SynKit/SynKit.framework'
20181115-144508.220: t=130f: Info: AppHookControllerImpl::onStartup in
20181115-144508.220: t=130f: Info: CCSyncPluginHook::onStartup
20181115-144508.220: t=130f: Info: CCSyncPlugin +++  onStartup 
20181115-144508.221: t=130f: Info: [DesignLibraryPlugin] [DesignLibraryManager.cpp:InitFileSystem:166] DesignLibraryPlugin version is "1.0.1.51"
20181115-144508.221: t=130f: Info: [DesignLibraryPlugin] [DesignLibraryAppHook.cpp:onStartup:72] register interest path "/assets/adobe-libraries/"...
20181115-144508.224: t=5a03: Info: [ExchangePlugin] (EPTaskManager.cpp, 504 ) --initMainloop: initMainloop begin, and begin check if core lib is loaded..., version is 1.4.0.565
20181115-144508.251: t=130f: Info: [livetype] onStartup
20181115-144508.287: t=130f: Info: [livetype] onStartup => success
20181115-144508.287: t=130f: Info: AppHookControllerImpl::onStartup out
20181115-144508.287: t=130f: Info: jura: Begin Starting network monitor (NetworkMonitor_mac.mm.start.81)
20181115-144508.289: t=130f: Info: jura: End Starting network monitor (NetworkMonitor_mac.mm.start.81)
20181115-144508.354: t=130f: Info: jura: Command '/usr/bin/pluginkit -m -i com.adobe.accmac.ACCFinderSync' returned '0' (Utils.mm.executeCommand.75)
20181115-144508.354: t=130f: Info: extension.helper: extension is INITIALIZED (AppExtensionHelper.mm.isExtensionInitialized.123)
20181115-144508.360: t=130f: Info: FolderPersistenceSqliteImpl: VerifyAndRepair: checking DB structure (FolderPersistenceSqliteImpl.cpp.VerifyAndRepair.296)
20181115-144508.360: t=130f: Info: jura.db.verification: Database Integrity Verification Started (DatabaseVerifier.cpp.verifyIntegrity.345)
20181115-144508.361: t=130f: Info: jura.db.verification: Database Integrity Verification Succeeded (DatabaseVerifier.cpp.verifyIntegrity.360)
20181115-144508.361: t=130f: Info: jura.db.verification: Database Schema Verification Started (DatabaseVerifier.cpp.verifySchema.370)
20181115-144508.361: t=130f: Info: jura.db.verification: Database Schema Verification Succeeded (DatabaseVerifier.cpp.verifySchema.412)
20181115-144508.362: t=130f: Info: FolderPersistenceSqliteImpl: VerifyAndRepair: result is 1 (FolderPersistenceSqliteImpl.cpp.VerifyAndRepair.321)
20181115-144508.362: t=130f: Info: LocalisingEnvironment: start (LocalisingEnvironment.cpp.start.30)
20181115-144508.363: t=130f: Info: AppShell: End start (AppShell.cpp.startup.138)
20181115-144508.363: t=5803: Info: app: Begin Starting up (AppController.cpp.startHandler.234)
20181115-144508.363: t=5803: Info: ipc: Broadcasting sync.out.broadcast.app.startedup a951a64d-d91d-44ca-aac9-cf8a02ec92ac (IpcController.cpp.sendBroadcast.154)
20181115-144508.363: t=5803: Info: app: End Starting up (AppController.cpp.startHandler.234)
20181115-144508.370: t=5307: Info: [livetype] onTextReceived cosy.fonts.UpdatePreferencesRequest
20181115-144508.371: t=5c03: Info: [livetype]  sendText accc.fonts.UpdatePreferencesResponse (success)
20181115-144508.371: t=5c03: Info: [livetype] syncStatus: ON
20181115-144509.930: t=5a03: Error: [ExchangePlugin] (EPTaskManager.cpp, 612 ) --createEntitlementFileFolder: makeWritableForAllUsers() failed for "/Library/Application Support/Adobe/Extension Manager CC/Configuration/Entitlement", status is -47!
20181115-145010.314: t=5803: Info: app: Begin Shutting down (AppController.cpp.stopHandler.256)
20181115-145010.348: t=5803: Info: ipc: Broadcasting sync.out.broadcast.app.shuttingdown 40733548-810a-4be0-b038-bb7c24fcea7e (IpcController.cpp.sendBroadcast.154)
20181115-145010.353: t=5803: Info: app: End Shutting down (AppController.cpp.stopHandler.256)
20181115-145010.412: t=130f: Info: jura.db: Closed database at /afs/andrew.cmu.edu/usr6/mxu2/Library/Application Support/Adobe/CoreSync/coresync.db (Database.cpp.close.124)
20181115-145010.464: t=130f: Info: jura: Stopped network monitor (NetworkMonitor_mac.mm.stop.127)
20181115-145010.464: t=130f: Info: AppHookControllerImpl::onShutdown in
20181115-145010.464: t=130f: Info: CCSyncPluginHook::onShutdown
20181115-145010.464: t=130f: Info: CCSyncPlugin isSyncEnabled=0
20181115-145010.488: t=130f: Info: [livetype] onShutdown
20181115-145010.488: t=5b03: Info: [livetype]  disableFontSync
20181115-145010.488: t=5b03: Info: [livetype] deactivated all fonts
20181115-145010.488: t=130f: Info: AppHookControllerImpl::onShutdown out
