08/17/18 16:28:32:850 | [INFO] |  | ASU | LWANative | LWANative |  |  | 309017 | Build Version - 10.0.0.122
08/17/18 16:28:32:850 | [INFO] |  | ASU | LWANative | LWANative |  |  | 309017 | Logging Level verbosity Set  to 4
08/17/18 16:28:33:202 | [INFO] |  | ASU | LWANative | P7Native |  |  | 309017 | Start : pwa_openSession
08/17/18 16:28:33:202 | [INFO] |  | ASU | LWANative | P7Native |  |  | 309017 | pwa_openSession Session key : D1682648-F3EA-4E57-B6CB-981E9DFFF252
08/17/18 16:28:33:227 | [INFO] |  | ASU | OPM | OPM |  |  | 309017 | Build Version - 10.0.0.99
08/17/18 16:28:33:227 | [INFO] |  | ASU | OPM | OPM |  |  | 309017 | Logging Level verbosity Set  to 4
08/17/18 16:28:33:237 | [INFO] |  | ASU | OPM | OPM |  |  | 309017 | _opm_handle_OPDReturnedStatus called with opdStatus as:0
08/17/18 16:28:33:237 | [INFO] |  | ASU | OPM | OPM |  |  | 309017 | No Record found for the input fields in opm_getValueForKey
08/17/18 16:28:33:253 | [INFO] |  | ASU | LWANative | P7Native |  |  | 309017 | End : pwa_openSession
08/17/18 16:28:33:255 | [INFO] |  | ASU | LWANative | P7Native |  |  | 309017 | Start : pwa_getDeviceID
08/17/18 16:28:33:256 | [INFO] |  | ASU | OPM | OPM |  |  | 309017 | Build Version - 10.0.0.122
08/17/18 16:28:33:256 | [INFO] |  | ASU | OPM | OPM |  |  | 309017 | Logging Level verbosity Set  to 4
08/17/18 16:28:33:259 | [INFO] |  | ASU | OPM | OPM |  |  | 309017 | Schema version and schema compatibility version are same or greater than current

08/17/18 16:28:33:259 | [INFO] |  | ASU | OPM | OPM |  |  | 309017 | _opm_handle_OPDReturnedStatus called with opdStatus as:0
08/17/18 16:28:33:259 | [INFO] |  | ASU | OPM | OPM |  |  | 309017 | No Record found for the input fields in opm_getValueForKey
08/17/18 16:28:33:259 | [WARN] |  | ASU | OPM | OPMWrapper |  |  | 309017 | Failed in getting value for key in OPMGetValueForKey
08/17/18 16:28:33:259 | [INFO] |  | ASU | OPM | P7Native |  |  | 309017 | OOBELibSessionForDeviceID : DeviceId not present in local db generating it from scratch in pwa_getDeviceID
08/17/18 16:28:33:260 | [INFO] |  | ASU | OPM | P7Native |  |  | 309017 | Start : generateDeviceID
08/17/18 16:28:33:263 | [INFO] |  | ASU | OPM | P7Native |  |  | 309017 | End : generateDeviceID
08/17/18 16:28:33:263 | [INFO] |  | ASU | OPM | P7Native |  |  | 309017 | End : pwa_getDeviceID
08/17/18 16:28:33:265 | [INFO] |  | ASU | OPM | P7Native |  |  | 309017 | Start : pwa_getMachineHashedID
08/17/18 16:28:33:267 | [INFO] |  | ASU | OPM | P7Native |  |  | 309017 | End : pwa_getMachineHashedID
08/17/18 16:28:33:269 | [INFO] |  | ASU | OPM | P7Native |  |  | 309017 | Start : pwa_closeSession
08/17/18 16:28:33:292 | [INFO] |  | ASU | OPM | P7Native |  |  | 309017 | pwa_closeSession Session key : D1682648-F3EA-4E57-B6CB-981E9DFFF252
08/17/18 16:28:33:292 | [INFO] |  | ASU | OPM | P7Native |  |  | 309017 | End : pwa_closeSession
08/17/18 16:28:33:304 | [INFO] |  | ASU | OPM | P7Native |  |  | 309017 | Performing openIMSLibSessionWithXMLParams...
08/17/18 16:28:33:304 | [INFO] |  | ASU | OPM | P7Native |  |  | 309017 | pwa_openIMSLibSessionWithXMLParams Session key : D9D49432-23E6-43A9-AD76-DBDB5B085BD2
08/17/18 16:28:33:321 | [INFO] |  | ASU | IMSLib | IMSLib |  |  | 309017 | Build Version - 10.0.0.15
08/17/18 16:28:33:321 | [INFO] |  | ASU | IMSLib | IMSLib |  |  | 309017 | Logging Level verbosity Set  to 4
08/17/18 16:28:33:322 | [INFO] |  | ASU | IMSLib | IMSLib |  |  | 309017 | Creating IMSLib instance WithXMLParams ...
08/17/18 16:28:33:322 | [INFO] |  | ASU | IMSLib | IMSLib |  |  | 309017 | Failed to retreive locale from the input xml in IMS_createRefExWithXMLParams
08/17/18 16:28:33:323 | [INFO] |  | ASU | OPM | OPM |  |  | 309017 | Build Version - 10.0.0.15
08/17/18 16:28:33:323 | [INFO] |  | ASU | OPM | OPM |  |  | 309017 | Logging Level verbosity Set  to 4
08/17/18 16:28:33:326 | [INFO] |  | ASU | OPM | OPM |  |  | 309017 | Schema version and schema compatibility version are same or greater than current

08/17/18 16:28:33:326 | [INFO] |  | ASU | OPM | IMSLibHelper |  |  | 309017 | OPMWrapper allocation succeeded
08/17/18 16:28:33:326 | [INFO] |  | ASU | OPM | IMSLib |  |  | 309017 | This product version is for GM
08/17/18 16:28:33:334 | [INFO] |  | ASU | OPM | IMSLib |  |  | 309017 | URL retreived from dispatchlib https://ims-prod06.adobelogin.com
08/17/18 16:28:33:334 | [INFO] |  | ASU | OPM | IMSLib |  |  | 309017 | Created IMSLib instance with endpoint:https://ims-prod06.adobelogin.com in IMS_createRefExWithXMLParams
08/17/18 16:28:33:334 | [INFO] |  | ASU | OPM | OPM |  |  | 309017 | _opm_handle_OPDReturnedStatus called with opdStatus as:0
08/17/18 16:28:33:335 | [INFO] |  | ASU | OPM | OPM |  |  | 309017 | No Record found for the input fields in opm_getValueForKey
08/17/18 16:28:33:335 | [INFO] |  | ASU | OPM | IMSLib_OPMWrapper |  |  | 309017 | Failed in getting value for key in OPMGetValueForKey domain:OOBE subDomain:ProxyCredentials key:ProxyUsername
08/17/18 16:28:33:335 | [INFO] |  | ASU | OPM | IMSLibHelper |  |  | 309017 | Failed to get proxy user name from local db in getProxyCredentialsFromLocalStore
08/17/18 16:28:33:335 | [INFO] |  | ASU | OPM | IMSLib |  |  | 309017 | Failed to get proxy credentials from local store in IMS_createRefExWithXMLParams
08/17/18 16:28:33:335 | [INFO] |  | ASU | OPM | IMSLib |  |  | 309017 | Performing IMS_registerClientToGroup..
08/17/18 16:28:33:336 | [INFO] |  | ASU | OPM | OPM |  |  | 309017 | Performing opm_getRecords...
08/17/18 16:28:33:336 | [INFO] |  | ASU | OPM | OPM |  |  | 309017 | _opm_handle_OPDReturnedStatus called with opdStatus as:0
08/17/18 16:28:33:336 | [INFO] |  | ASU | OPM | OPM |  |  | 309017 | No Record found for the input fields in opm_getRecords
08/17/18 16:28:33:336 | [WARN] |  | ASU | OPM | IMSLib_OPMWrapper |  |  | 309017 | Failed in getting list of keys in OPMGetKeyList
08/17/18 16:28:33:336 | [WARN] |  | ASU | OPM | IMSLibHelper |  |  | 309017 | Failed in getting buddy groupList in getBuddyClients
08/17/18 16:28:33:337 | [INFO] |  | ASU | OPM | OPM |  |  | 309017 | _opm_handle_OPDReturnedStatus called with opdStatus as:0
08/17/18 16:28:33:337 | [INFO] |  | ASU | OPM | OPM |  |  | 309017 | No Record found for the input fields in opm_getValueForKey
08/17/18 16:28:33:337 | [INFO] |  | ASU | OPM | IMSLib_OPMWrapper |  |  | 309017 | Failed in getting value for key in OPMGetValueForKey domain:IMSLib subDomain:BuddyGroup key:0
08/17/18 16:28:33:349 | [INFO] |  | ASU | OPM | OPM |  |  | 309017 | _opm_handle_OPDReturnedStatus called with opdStatus as:0
08/17/18 16:28:33:349 | [INFO] |  | ASU | OPM | OPM |  |  | 309017 | Successfully updated opm.db for fields domain:IMSLib subdomain:BuddyGroup key:0 in opm_setValueForKey
08/17/18 16:28:33:349 | [INFO] |  | ASU | OPM | OPM |  |  | 309017 | _opm_handle_OPDReturnedStatus called with opdStatus as:0
08/17/18 16:28:33:349 | [INFO] |  | ASU | OPM | OPM |  |  | 309017 | No Record found for the input fields in opm_getValueForKey
08/17/18 16:28:33:349 | [INFO] |  | ASU | OPM | IMSLib_OPMWrapper |  |  | 309017 | Failed in getting value for key in OPMGetValueForKey domain:IMSLib subDomain:CSServiceMap key:426eb9f9-9989-45dd-8b7c-1bcdc957c8e5
08/17/18 16:28:33:350 | [WARN] |  | ASU | OPM | IMSLibHelper |  |  | 309017 | Failed in fetching default user id for the service, while processing fetchDefaultUserGUIDForClientID
08/17/18 16:28:33:350 | [INFO] |  | ASU | OPM | IMSLib |  |  | 309017 | Not duplicating the DUC entry - fetchDefaultUserGUIDForClientID failed in IMS_registerClientToGroup
08/17/18 16:28:33:350 | [INFO] |  | ASU | OPM | P7Native |  |  | 309017 | Successfully registered AAM Client to Buddy group in pwa_openIMSLibSessionWithXMLParams.
08/17/18 16:28:33:352 | [INFO] |  | ASU | OPM | P7Native |  |  | 309017 | Performing registeration of client to group
08/17/18 16:28:33:352 | [INFO] |  | ASU | OPM | IMSLib |  |  | 309017 | Performing IMS_registerClientToGroup..
08/17/18 16:28:33:352 | [INFO] |  | ASU | OPM | OPM |  |  | 309017 | Performing opm_getRecords...
08/17/18 16:28:33:353 | [INFO] |  | ASU | OPM | OPM |  |  | 309017 | _opm_handle_OPDReturnedStatus called with opdStatus as:0
08/17/18 16:28:33:353 | [INFO] |  | ASU | OPM | OPM |  |  | 309017 | _opm_handle_OPDReturnedStatus called with opdStatus as:0
08/17/18 16:28:33:353 | [INFO] |  | ASU | OPM | OPM |  |  | 309017 | returning size of value as:40 in opm_getValueForKey
08/17/18 16:28:33:353 | [INFO] |  | ASU | OPM | OPM |  |  | 309017 | _opm_handle_OPDReturnedStatus called with opdStatus as:0
08/17/18 16:28:33:353 | [INFO] |  | ASU | OPM | OPM |  |  | 309017 | Successfully retreived value from opm domain:IMSLib subdomain:BuddyGroup key:0 in opm_getValueForKey
08/17/18 16:28:33:354 | [INFO] |  | ASU | OPM | OPM |  |  | 309017 | _opm_handle_OPDReturnedStatus called with opdStatus as:0
08/17/18 16:28:33:354 | [INFO] |  | ASU | OPM | OPM |  |  | 309017 | returning size of value as:40 in opm_getValueForKey
08/17/18 16:28:33:354 | [INFO] |  | ASU | OPM | OPM |  |  | 309017 | _opm_handle_OPDReturnedStatus called with opdStatus as:0
08/17/18 16:28:33:354 | [INFO] |  | ASU | OPM | OPM |  |  | 309017 | Successfully retreived value from opm domain:IMSLib subdomain:BuddyGroup key:0 in opm_getValueForKey
08/17/18 16:28:33:366 | [INFO] |  | ASU | OPM | OPM |  |  | 309017 | _opm_handle_OPDReturnedStatus called with opdStatus as:0
08/17/18 16:28:33:366 | [INFO] |  | ASU | OPM | OPM |  |  | 309017 | Successfully updated opm.db for fields domain:IMSLib subdomain:BuddyGroup key:0 in opm_setValueForKey
08/17/18 16:28:33:367 | [INFO] |  | ASU | OPM | OPM |  |  | 309017 | _opm_handle_OPDReturnedStatus called with opdStatus as:0
08/17/18 16:28:33:367 | [INFO] |  | ASU | OPM | OPM |  |  | 309017 | No Record found for the input fields in opm_getValueForKey
08/17/18 16:28:33:367 | [INFO] |  | ASU | OPM | IMSLib_OPMWrapper |  |  | 309017 | Failed in getting value for key in OPMGetValueForKey domain:IMSLib subDomain:CSServiceMap key:426eb9f9-9989-45dd-8b7c-1bcdc957c8e5
08/17/18 16:28:33:367 | [WARN] |  | ASU | OPM | IMSLibHelper |  |  | 309017 | Failed in fetching default user id for the service, while processing fetchDefaultUserGUIDForClientID
08/17/18 16:28:33:368 | [INFO] |  | ASU | OPM | IMSLib |  |  | 309017 | Not duplicating the DUC entry - fetchDefaultUserGUIDForClientID failed in IMS_registerClientToGroup
08/17/18 16:28:33:368 | [INFO] |  | ASU | OPM | P7Native |  |  | 309017 | Registered Client to group successfully!
08/17/18 16:28:33:370 | [INFO] |  | ASU | OPM | P7Native |  |  | 309017 | Performing fetch default user for clientID...
08/17/18 16:28:33:370 | [INFO] |  | ASU | OPM | IMSLib |  |  | 309017 | Performing fetchDefaultUserInfoForClientId...
08/17/18 16:28:33:370 | [INFO] |  | ASU | OPM | OPM |  |  | 309017 | _opm_handle_OPDReturnedStatus called with opdStatus as:0
08/17/18 16:28:33:370 | [INFO] |  | ASU | OPM | OPM |  |  | 309017 | No Record found for the input fields in opm_getValueForKey
08/17/18 16:28:33:370 | [INFO] |  | ASU | OPM | IMSLib_OPMWrapper |  |  | 309017 | Failed in getting value for key in OPMGetValueForKey domain:IMSLib subDomain:CSServiceMap key:CreativeCloud_v4_0
08/17/18 16:28:33:371 | [WARN] |  | ASU | OPM | IMSLibHelper |  |  | 309017 | Failed in fetching default user id for the service, while processing fetchDefaultUserGUIDForClientID
08/17/18 16:28:33:371 | [INFO] |  | ASU | OPM | IMSLib |  |  | 309017 | Failed to get default user for clientId in fetchDefaultUserInfoForClientId...
08/17/18 16:28:33:371 | [WARN] |  | ASU | OPM | P7Native |  |  | 309017 | failed in IMSLib's fetchDefaultUserInfoForClientId function, in getDefaultUserForClientId
08/17/18 16:28:33:371 | [INFO] |  | ASU | OPM | IMSLib |  |  | 309017 | Performing releaseData...
08/17/18 16:28:33:372 | [INFO] |  | ASU | OPM | P7Native |  |  | 309017 | Unable to find default user for client_id: CreativeCloud_v4_0
08/17/18 16:28:34:122 | [INFO] |  | ASU | IMSLib | IMSLib |  |  | 309091 | Build Version - 10.0.0.15
08/17/18 16:28:34:122 | [INFO] |  | ASU | IMSLib | IMSLib |  |  | 309091 | Logging Level verbosity Set  to 4
08/17/18 16:28:34:122 | [INFO] |  | ASU | IMSLib | IMSLib |  |  | 309091 | Creating IMSLib Ex instance ...
08/17/18 16:28:34:123 | [INFO] |  | ASU | OPM | OPM |  |  | 309091 | Build Version - 10.0.0.15
08/17/18 16:28:34:123 | [INFO] |  | ASU | OPM | OPM |  |  | 309091 | Logging Level verbosity Set  to 4
08/17/18 16:28:34:125 | [INFO] |  | ASU | OPM | OPM |  |  | 309091 | Schema version and schema compatibility version are same or greater than current

08/17/18 16:28:34:125 | [INFO] |  | ASU | OPM | IMSLibHelper |  |  | 309091 | OPMWrapper allocation succeeded
08/17/18 16:28:34:126 | [INFO] |  | ASU | OPM | OPM |  |  | 309091 | _opm_handle_OPDReturnedStatus called with opdStatus as:0
08/17/18 16:28:34:126 | [INFO] |  | ASU | OPM | OPM |  |  | 309091 | No Record found for the input fields in opm_getValueForKey
08/17/18 16:28:34:126 | [INFO] |  | ASU | OPM | IMSLib_OPMWrapper |  |  | 309091 | Failed in getting value for key in OPMGetValueForKey domain:OOBE subDomain:ProxyCredentials key:ProxyUsername
08/17/18 16:28:34:126 | [INFO] |  | ASU | OPM | IMSLibHelper |  |  | 309091 | Failed to get proxy user name from local db in getProxyCredentialsFromLocalStore
08/17/18 16:28:34:126 | [INFO] |  | ASU | OPM | IMSLib |  |  | 309091 | Failed get proxy credentials from local store while creating IMSLib Ex instance ...
08/17/18 16:28:34:127 | [INFO] |  | ASU | OPM | IMSLib |  |  | 309091 | Performing IMS_registerClientToGroup..
08/17/18 16:28:34:127 | [INFO] |  | ASU | OPM | OPM |  |  | 309091 | Performing opm_getRecords...
08/17/18 16:28:34:127 | [INFO] |  | ASU | OPM | OPM |  |  | 309091 | _opm_handle_OPDReturnedStatus called with opdStatus as:0
08/17/18 16:28:34:127 | [INFO] |  | ASU | OPM | OPM |  |  | 309091 | _opm_handle_OPDReturnedStatus called with opdStatus as:0
08/17/18 16:28:34:127 | [INFO] |  | ASU | OPM | OPM |  |  | 309091 | returning size of value as:61 in opm_getValueForKey
08/17/18 16:28:34:128 | [INFO] |  | ASU | OPM | OPM |  |  | 309091 | _opm_handle_OPDReturnedStatus called with opdStatus as:0
08/17/18 16:28:34:128 | [INFO] |  | ASU | OPM | OPM |  |  | 309091 | Successfully retreived value from opm domain:IMSLib subdomain:BuddyGroup key:0 in opm_getValueForKey
08/17/18 16:28:34:128 | [INFO] |  | ASU | OPM | OPM |  |  | 309091 | _opm_handle_OPDReturnedStatus called with opdStatus as:0
08/17/18 16:28:34:128 | [INFO] |  | ASU | OPM | OPM |  |  | 309091 | returning size of value as:61 in opm_getValueForKey
08/17/18 16:28:34:128 | [INFO] |  | ASU | OPM | OPM |  |  | 309091 | _opm_handle_OPDReturnedStatus called with opdStatus as:0
08/17/18 16:28:34:128 | [INFO] |  | ASU | OPM | OPM |  |  | 309091 | Successfully retreived value from opm domain:IMSLib subdomain:BuddyGroup key:0 in opm_getValueForKey
08/17/18 16:28:34:141 | [INFO] |  | ASU | OPM | OPM |  |  | 309091 | _opm_handle_OPDReturnedStatus called with opdStatus as:0
08/17/18 16:28:34:141 | [INFO] |  | ASU | OPM | OPM |  |  | 309091 | Successfully updated opm.db for fields domain:IMSLib subdomain:BuddyGroup key:0 in opm_setValueForKey
08/17/18 16:28:34:142 | [INFO] |  | ASU | OPM | OPM |  |  | 309091 | _opm_handle_OPDReturnedStatus called with opdStatus as:0
08/17/18 16:28:34:142 | [INFO] |  | ASU | OPM | OPM |  |  | 309091 | No Record found for the input fields in opm_getValueForKey
08/17/18 16:28:34:142 | [INFO] |  | ASU | OPM | IMSLib_OPMWrapper |  |  | 309091 | Failed in getting value for key in OPMGetValueForKey domain:IMSLib subDomain:CSServiceMap key:426eb9f9-9989-45dd-8b7c-1bcdc957c8e5
08/17/18 16:28:34:142 | [WARN] |  | ASU | OPM | IMSLibHelper |  |  | 309091 | Failed in fetching default user id for the service, while processing fetchDefaultUserGUIDForClientID
08/17/18 16:28:34:142 | [INFO] |  | ASU | OPM | IMSLib |  |  | 309091 | Not duplicating the DUC entry - fetchDefaultUserGUIDForClientID failed in IMS_registerClientToGroup
08/17/18 16:28:34:143 | [INFO] |  | ASU | OPM | IMSLib |  |  | 309091 | Releasing IMSLib instance
08/17/18 16:28:34:143 | [INFO] |  | ASU | OPM | IMSLib |  |  | 309091 | IMSLib instance released ...
08/17/18 16:28:35:357 | [INFO] |  | ASU | IMSLib | IMSLib |  |  | 309091 | Build Version - 10.0.0.15
08/17/18 16:28:35:357 | [INFO] |  | ASU | IMSLib | IMSLib |  |  | 309091 | Logging Level verbosity Set  to 4
08/17/18 16:28:35:357 | [INFO] |  | ASU | IMSLib | IMSLib |  |  | 309091 | Creating IMSLib Ex instance ...
08/17/18 16:28:35:357 | [INFO] |  | ASU | OPM | OPM |  |  | 309091 | Build Version - 10.0.0.15
08/17/18 16:28:35:358 | [INFO] |  | ASU | OPM | OPM |  |  | 309091 | Logging Level verbosity Set  to 4
08/17/18 16:28:35:361 | [INFO] |  | ASU | OPM | OPM |  |  | 309091 | Schema version and schema compatibility version are same or greater than current

08/17/18 16:28:35:361 | [INFO] |  | ASU | OPM | IMSLibHelper |  |  | 309091 | OPMWrapper allocation succeeded
08/17/18 16:28:35:362 | [INFO] |  | ASU | OPM | OPM |  |  | 309091 | _opm_handle_OPDReturnedStatus called with opdStatus as:0
08/17/18 16:28:35:362 | [INFO] |  | ASU | OPM | OPM |  |  | 309091 | No Record found for the input fields in opm_getValueForKey
08/17/18 16:28:35:362 | [INFO] |  | ASU | OPM | IMSLib_OPMWrapper |  |  | 309091 | Failed in getting value for key in OPMGetValueForKey domain:OOBE subDomain:ProxyCredentials key:ProxyUsername
08/17/18 16:28:35:362 | [INFO] |  | ASU | OPM | IMSLibHelper |  |  | 309091 | Failed to get proxy user name from local db in getProxyCredentialsFromLocalStore
08/17/18 16:28:35:362 | [INFO] |  | ASU | OPM | IMSLib |  |  | 309091 | Failed get proxy credentials from local store while creating IMSLib Ex instance ...
08/17/18 16:28:35:363 | [INFO] |  | ASU | OPM | IMSLib |  |  | 309091 | Performing fetchDefaultUserInfoForClientId...
08/17/18 16:28:35:363 | [INFO] |  | ASU | OPM | OPM |  |  | 309091 | _opm_handle_OPDReturnedStatus called with opdStatus as:0
08/17/18 16:28:35:363 | [INFO] |  | ASU | OPM | OPM |  |  | 309091 | No Record found for the input fields in opm_getValueForKey
08/17/18 16:28:35:363 | [INFO] |  | ASU | OPM | IMSLib_OPMWrapper |  |  | 309091 | Failed in getting value for key in OPMGetValueForKey domain:IMSLib subDomain:CSServiceMap key:CCXInAppWelcomeProcess
08/17/18 16:28:35:363 | [WARN] |  | ASU | OPM | IMSLibHelper |  |  | 309091 | Failed in fetching default user id for the service, while processing fetchDefaultUserGUIDForClientID
08/17/18 16:28:35:363 | [INFO] |  | ASU | OPM | IMSLib |  |  | 309091 | Failed to get default user for clientId in fetchDefaultUserInfoForClientId...
08/17/18 16:28:35:364 | [INFO] |  | ASU | OPM | IMSLib |  |  | 309091 | Releasing IMSLib instance
08/17/18 16:28:35:364 | [INFO] |  | ASU | OPM | IMSLib |  |  | 309091 | IMSLib instance released ...
08/17/18 16:28:35:613 | [INFO] |  | ASU | IMSLib | IMSLib |  |  | 309091 | Build Version - 10.0.0.15
08/17/18 16:28:35:613 | [INFO] |  | ASU | IMSLib | IMSLib |  |  | 309091 | Logging Level verbosity Set  to 4
08/17/18 16:28:35:614 | [INFO] |  | ASU | IMSLib | IMSLib |  |  | 309091 | Creating IMSLib Ex instance ...
08/17/18 16:28:35:614 | [INFO] |  | ASU | OPM | OPM |  |  | 309091 | Build Version - 10.0.0.15
08/17/18 16:28:35:614 | [INFO] |  | ASU | OPM | OPM |  |  | 309091 | Logging Level verbosity Set  to 4
08/17/18 16:28:35:618 | [INFO] |  | ASU | OPM | OPM |  |  | 309091 | Schema version and schema compatibility version are same or greater than current

08/17/18 16:28:35:618 | [INFO] |  | ASU | OPM | IMSLibHelper |  |  | 309091 | OPMWrapper allocation succeeded
08/17/18 16:28:35:619 | [INFO] |  | ASU | OPM | OPM |  |  | 309091 | _opm_handle_OPDReturnedStatus called with opdStatus as:0
08/17/18 16:28:35:619 | [INFO] |  | ASU | OPM | OPM |  |  | 309091 | No Record found for the input fields in opm_getValueForKey
08/17/18 16:28:35:619 | [INFO] |  | ASU | OPM | IMSLib_OPMWrapper |  |  | 309091 | Failed in getting value for key in OPMGetValueForKey domain:OOBE subDomain:ProxyCredentials key:ProxyUsername
08/17/18 16:28:35:619 | [INFO] |  | ASU | OPM | IMSLibHelper |  |  | 309091 | Failed to get proxy user name from local db in getProxyCredentialsFromLocalStore
08/17/18 16:28:35:619 | [INFO] |  | ASU | OPM | IMSLib |  |  | 309091 | Failed get proxy credentials from local store while creating IMSLib Ex instance ...
08/17/18 16:28:35:620 | [INFO] |  | ASU | OPM | IMSLib |  |  | 309091 | Performing fetchDefaultUserInfoForClientId...
08/17/18 16:28:35:620 | [INFO] |  | ASU | OPM | OPM |  |  | 309091 | _opm_handle_OPDReturnedStatus called with opdStatus as:0
08/17/18 16:28:35:620 | [INFO] |  | ASU | OPM | OPM |  |  | 309091 | No Record found for the input fields in opm_getValueForKey
08/17/18 16:28:35:620 | [INFO] |  | ASU | OPM | IMSLib_OPMWrapper |  |  | 309091 | Failed in getting value for key in OPMGetValueForKey domain:IMSLib subDomain:CSServiceMap key:CCXInAppWelcomeProcess
08/17/18 16:28:35:620 | [WARN] |  | ASU | OPM | IMSLibHelper |  |  | 309091 | Failed in fetching default user id for the service, while processing fetchDefaultUserGUIDForClientID
08/17/18 16:28:35:621 | [INFO] |  | ASU | OPM | IMSLib |  |  | 309091 | Failed to get default user for clientId in fetchDefaultUserInfoForClientId...
08/17/18 16:28:35:621 | [INFO] |  | ASU | OPM | IMSLib |  |  | 309091 | Releasing IMSLib instance
08/17/18 16:28:35:621 | [INFO] |  | ASU | OPM | IMSLib |  |  | 309091 | IMSLib instance released ...
08/17/18 16:28:35:621 | [INFO] |  | ASU | IMSLib | IMSLib |  |  | 309091 | Build Version - 10.0.0.15
08/17/18 16:28:35:621 | [INFO] |  | ASU | IMSLib | IMSLib |  |  | 309091 | Logging Level verbosity Set  to 4
08/17/18 16:28:35:622 | [INFO] |  | ASU | IMSLib | IMSLib |  |  | 309091 | Creating IMSLib Ex instance ...
08/17/18 16:28:35:622 | [INFO] |  | ASU | OPM | OPM |  |  | 309091 | Build Version - 10.0.0.15
08/17/18 16:28:35:622 | [INFO] |  | ASU | OPM | OPM |  |  | 309091 | Logging Level verbosity Set  to 4
08/17/18 16:28:35:626 | [INFO] |  | ASU | OPM | OPM |  |  | 309091 | Schema version and schema compatibility version are same or greater than current

08/17/18 16:28:35:626 | [INFO] |  | ASU | OPM | IMSLibHelper |  |  | 309091 | OPMWrapper allocation succeeded
08/17/18 16:28:35:626 | [INFO] |  | ASU | OPM | OPM |  |  | 309091 | _opm_handle_OPDReturnedStatus called with opdStatus as:0
08/17/18 16:28:35:626 | [INFO] |  | ASU | OPM | OPM |  |  | 309091 | No Record found for the input fields in opm_getValueForKey
08/17/18 16:28:35:626 | [INFO] |  | ASU | OPM | IMSLib_OPMWrapper |  |  | 309091 | Failed in getting value for key in OPMGetValueForKey domain:OOBE subDomain:ProxyCredentials key:ProxyUsername
08/17/18 16:28:35:626 | [INFO] |  | ASU | OPM | IMSLibHelper |  |  | 309091 | Failed to get proxy user name from local db in getProxyCredentialsFromLocalStore
08/17/18 16:28:35:627 | [INFO] |  | ASU | OPM | IMSLib |  |  | 309091 | Failed get proxy credentials from local store while creating IMSLib Ex instance ...
08/17/18 16:28:35:627 | [INFO] |  | ASU | OPM | IMSLib |  |  | 309091 | Performing fetchDefaultUserInfoForClientId...
08/17/18 16:28:35:627 | [INFO] |  | ASU | OPM | OPM |  |  | 309091 | _opm_handle_OPDReturnedStatus called with opdStatus as:0
08/17/18 16:28:35:627 | [INFO] |  | ASU | OPM | OPM |  |  | 309091 | No Record found for the input fields in opm_getValueForKey
08/17/18 16:28:35:627 | [INFO] |  | ASU | OPM | IMSLib_OPMWrapper |  |  | 309091 | Failed in getting value for key in OPMGetValueForKey domain:IMSLib subDomain:CSServiceMap key:CCXInAppWelcomeProcess
08/17/18 16:28:35:627 | [WARN] |  | ASU | OPM | IMSLibHelper |  |  | 309091 | Failed in fetching default user id for the service, while processing fetchDefaultUserGUIDForClientID
08/17/18 16:28:35:628 | [INFO] |  | ASU | OPM | IMSLib |  |  | 309091 | Failed to get default user for clientId in fetchDefaultUserInfoForClientId...
08/17/18 16:28:35:628 | [INFO] |  | ASU | OPM | IMSLib |  |  | 309091 | Releasing IMSLib instance
08/17/18 16:28:35:628 | [INFO] |  | ASU | OPM | IMSLib |  |  | 309091 | IMSLib instance released ...
08/17/18 16:28:35:629 | [INFO] |  | ASU | IMSLib | IMSLib |  |  | 309091 | Build Version - 10.0.0.15
08/17/18 16:28:35:629 | [INFO] |  | ASU | IMSLib | IMSLib |  |  | 309091 | Logging Level verbosity Set  to 4
08/17/18 16:28:35:629 | [INFO] |  | ASU | IMSLib | IMSLib |  |  | 309091 | Creating IMSLib Ex instance ...
08/17/18 16:28:35:629 | [INFO] |  | ASU | OPM | OPM |  |  | 309091 | Build Version - 10.0.0.15
08/17/18 16:28:35:629 | [INFO] |  | ASU | OPM | OPM |  |  | 309091 | Logging Level verbosity Set  to 4
08/17/18 16:28:35:632 | [INFO] |  | ASU | OPM | OPM |  |  | 309091 | Schema version and schema compatibility version are same or greater than current

08/17/18 16:28:35:632 | [INFO] |  | ASU | OPM | IMSLibHelper |  |  | 309091 | OPMWrapper allocation succeeded
08/17/18 16:28:35:633 | [INFO] |  | ASU | OPM | OPM |  |  | 309091 | _opm_handle_OPDReturnedStatus called with opdStatus as:0
08/17/18 16:28:35:633 | [INFO] |  | ASU | OPM | OPM |  |  | 309091 | No Record found for the input fields in opm_getValueForKey
08/17/18 16:28:35:633 | [INFO] |  | ASU | OPM | IMSLib_OPMWrapper |  |  | 309091 | Failed in getting value for key in OPMGetValueForKey domain:OOBE subDomain:ProxyCredentials key:ProxyUsername
08/17/18 16:28:35:633 | [INFO] |  | ASU | OPM | IMSLibHelper |  |  | 309091 | Failed to get proxy user name from local db in getProxyCredentialsFromLocalStore
08/17/18 16:28:35:633 | [INFO] |  | ASU | OPM | IMSLib |  |  | 309091 | Failed get proxy credentials from local store while creating IMSLib Ex instance ...
08/17/18 16:28:35:634 | [INFO] |  | ASU | OPM | IMSLib |  |  | 309091 | Performing fetchDefaultUserInfoForClientId...
08/17/18 16:28:35:634 | [INFO] |  | ASU | OPM | OPM |  |  | 309091 | _opm_handle_OPDReturnedStatus called with opdStatus as:0
08/17/18 16:28:35:634 | [INFO] |  | ASU | OPM | OPM |  |  | 309091 | No Record found for the input fields in opm_getValueForKey
08/17/18 16:28:35:634 | [INFO] |  | ASU | OPM | IMSLib_OPMWrapper |  |  | 309091 | Failed in getting value for key in OPMGetValueForKey domain:IMSLib subDomain:CSServiceMap key:CCXInAppWelcomeProcess
08/17/18 16:28:35:634 | [WARN] |  | ASU | OPM | IMSLibHelper |  |  | 309091 | Failed in fetching default user id for the service, while processing fetchDefaultUserGUIDForClientID
08/17/18 16:28:35:634 | [INFO] |  | ASU | OPM | IMSLib |  |  | 309091 | Failed to get default user for clientId in fetchDefaultUserInfoForClientId...
08/17/18 16:28:35:635 | [INFO] |  | ASU | OPM | IMSLib |  |  | 309091 | Releasing IMSLib instance
08/17/18 16:28:35:635 | [INFO] |  | ASU | OPM | IMSLib |  |  | 309091 | IMSLib instance released ...
11/15/18 14:45:07:144 | [INFO] |  | ASU | LWANative | LWANative |  |  | 433199 | Build Version - 10.0.0.122
11/15/18 14:45:07:181 | [INFO] |  | ASU | LWANative | LWANative |  |  | 433199 | Logging Level verbosity Set  to 4
11/15/18 14:45:07:622 | [INFO] |  | ASU | LWANative | P7Native |  |  | 433199 | Start : pwa_openSession
11/15/18 14:45:07:622 | [INFO] |  | ASU | LWANative | P7Native |  |  | 433199 | pwa_openSession Session key : 0A9B8D79-9145-476C-A252-27DBFB27FC37
11/15/18 14:45:07:867 | [INFO] |  | ASU | OPM | OPM |  |  | 433199 | Build Version - 10.0.0.99
11/15/18 14:45:07:867 | [INFO] |  | ASU | OPM | OPM |  |  | 433199 | Logging Level verbosity Set  to 4
11/15/18 14:45:07:874 | [INFO] |  | ASU | OPM | OPM |  |  | 433199 | Schema version and schema compatibility version are same or greater than current

11/15/18 14:45:07:875 | [INFO] |  | ASU | OPM | OPM |  |  | 433199 | _opm_handle_OPDReturnedStatus called with opdStatus as:0
11/15/18 14:45:07:875 | [INFO] |  | ASU | OPM | OPM |  |  | 433199 | No Record found for the input fields in opm_getValueForKey
11/15/18 14:45:07:892 | [INFO] |  | ASU | LWANative | P7Native |  |  | 433199 | End : pwa_openSession
11/15/18 14:45:07:894 | [INFO] |  | ASU | LWANative | P7Native |  |  | 433199 | Start : pwa_getDeviceID
11/15/18 14:45:07:895 | [INFO] |  | ASU | OPM | OPM |  |  | 433199 | Build Version - 10.0.0.122
11/15/18 14:45:07:895 | [INFO] |  | ASU | OPM | OPM |  |  | 433199 | Logging Level verbosity Set  to 4
11/15/18 14:45:07:898 | [INFO] |  | ASU | OPM | OPM |  |  | 433199 | Schema version and schema compatibility version are same or greater than current

11/15/18 14:45:07:899 | [INFO] |  | ASU | OPM | OPM |  |  | 433199 | _opm_handle_OPDReturnedStatus called with opdStatus as:0
11/15/18 14:45:07:899 | [INFO] |  | ASU | OPM | OPM |  |  | 433199 | No Record found for the input fields in opm_getValueForKey
11/15/18 14:45:07:899 | [WARN] |  | ASU | OPM | OPMWrapper |  |  | 433199 | Failed in getting value for key in OPMGetValueForKey
11/15/18 14:45:07:899 | [INFO] |  | ASU | OPM | P7Native |  |  | 433199 | OOBELibSessionForDeviceID : DeviceId not present in local db generating it from scratch in pwa_getDeviceID
11/15/18 14:45:07:899 | [INFO] |  | ASU | OPM | P7Native |  |  | 433199 | Start : generateDeviceID
11/15/18 14:45:07:902 | [INFO] |  | ASU | OPM | P7Native |  |  | 433199 | End : generateDeviceID
11/15/18 14:45:07:902 | [INFO] |  | ASU | OPM | P7Native |  |  | 433199 | End : pwa_getDeviceID
11/15/18 14:45:07:950 | [INFO] |  | ASU | OPM | P7Native |  |  | 433199 | Start : pwa_getMachineHashedID
11/15/18 14:45:07:969 | [INFO] |  | ASU | OPM | P7Native |  |  | 433199 | End : pwa_getMachineHashedID
11/15/18 14:45:08:008 | [INFO] |  | ASU | OPM | P7Native |  |  | 433199 | Start : pwa_closeSession
11/15/18 14:45:08:057 | [INFO] |  | ASU | OPM | P7Native |  |  | 433199 | pwa_closeSession Session key : 0A9B8D79-9145-476C-A252-27DBFB27FC37
11/15/18 14:45:08:057 | [INFO] |  | ASU | OPM | P7Native |  |  | 433199 | End : pwa_closeSession
11/15/18 14:45:08:287 | [INFO] |  | ASU | IMSLib | IMSLib |  |  | 433422 | Build Version - 10.0.0.15
11/15/18 14:45:08:287 | [INFO] |  | ASU | IMSLib | IMSLib |  |  | 433422 | Logging Level verbosity Set  to 4
11/15/18 14:45:08:288 | [INFO] |  | ASU | IMSLib | IMSLib |  |  | 433422 | Creating IMSLib Ex instance ...
11/15/18 14:45:08:292 | [INFO] |  | ASU | OPM | OPM |  |  | 433422 | Build Version - 10.0.0.15
11/15/18 14:45:08:292 | [INFO] |  | ASU | OPM | OPM |  |  | 433422 | Logging Level verbosity Set  to 4
11/15/18 14:45:08:294 | [INFO] |  | ASU | OPM | P7Native |  |  | 433199 | Performing openIMSLibSessionWithXMLParams...
11/15/18 14:45:08:294 | [INFO] |  | ASU | OPM | P7Native |  |  | 433199 | pwa_openIMSLibSessionWithXMLParams Session key : FED4BE82-EB55-4D93-A478-E1FC60F5EDBB
11/15/18 14:45:08:300 | [INFO] |  | ASU | OPM | OPM |  |  | 433422 | Schema version and schema compatibility version are same or greater than current

11/15/18 14:45:08:300 | [INFO] |  | ASU | OPM | IMSLibHelper |  |  | 433422 | OPMWrapper allocation succeeded
11/15/18 14:45:08:306 | [INFO] |  | ASU | OPM | OPM |  |  | 433422 | _opm_handle_OPDReturnedStatus called with opdStatus as:0
11/15/18 14:45:08:306 | [INFO] |  | ASU | OPM | OPM |  |  | 433422 | No Record found for the input fields in opm_getValueForKey
11/15/18 14:45:08:306 | [INFO] |  | ASU | OPM | IMSLib_OPMWrapper |  |  | 433422 | Failed in getting value for key in OPMGetValueForKey domain:OOBE subDomain:ProxyCredentials key:ProxyUsername
11/15/18 14:45:08:306 | [INFO] |  | ASU | OPM | IMSLibHelper |  |  | 433422 | Failed to get proxy user name from local db in getProxyCredentialsFromLocalStore
11/15/18 14:45:08:306 | [INFO] |  | ASU | OPM | IMSLib |  |  | 433422 | Failed get proxy credentials from local store while creating IMSLib Ex instance ...
11/15/18 14:45:08:308 | [INFO] |  | ASU | OPM | IMSLib |  |  | 433422 | Performing IMS_registerClientToGroup..
11/15/18 14:45:08:308 | [INFO] |  | ASU | OPM | OPM |  |  | 433422 | Performing opm_getRecords...
11/15/18 14:45:08:308 | [INFO] |  | ASU | OPM | OPM |  |  | 433422 | _opm_handle_OPDReturnedStatus called with opdStatus as:0
11/15/18 14:45:08:308 | [INFO] |  | ASU | OPM | OPM |  |  | 433422 | _opm_handle_OPDReturnedStatus called with opdStatus as:0
11/15/18 14:45:08:308 | [INFO] |  | ASU | OPM | OPM |  |  | 433422 | returning size of value as:86 in opm_getValueForKey
11/15/18 14:45:08:309 | [INFO] |  | ASU | OPM | OPM |  |  | 433422 | _opm_handle_OPDReturnedStatus called with opdStatus as:0
11/15/18 14:45:08:309 | [INFO] |  | ASU | OPM | OPM |  |  | 433422 | Successfully retreived value from opm domain:IMSLib subdomain:BuddyGroup key:0 in opm_getValueForKey
11/15/18 14:45:08:309 | [INFO] |  | ASU | OPM | IMSLib |  |  | 433422 | Releasing IMSLib instance
11/15/18 14:45:08:310 | [INFO] |  | ASU | OPM | IMSLib |  |  | 433422 | IMSLib instance released ...
11/15/18 14:45:08:354 | [INFO] |  | ASU | IMSLib | IMSLib |  |  | 433199 | Build Version - 10.0.0.15
11/15/18 14:45:08:354 | [INFO] |  | ASU | IMSLib | IMSLib |  |  | 433199 | Logging Level verbosity Set  to 4
11/15/18 14:45:08:354 | [INFO] |  | ASU | IMSLib | IMSLib |  |  | 433199 | Creating IMSLib instance WithXMLParams ...
11/15/18 14:45:08:355 | [INFO] |  | ASU | IMSLib | IMSLib |  |  | 433199 | Failed to retreive locale from the input xml in IMS_createRefExWithXMLParams
11/15/18 14:45:08:355 | [INFO] |  | ASU | OPM | OPM |  |  | 433199 | Build Version - 10.0.0.15
11/15/18 14:45:08:355 | [INFO] |  | ASU | OPM | OPM |  |  | 433199 | Logging Level verbosity Set  to 4
11/15/18 14:45:08:361 | [INFO] |  | ASU | OPM | OPM |  |  | 433199 | Schema version and schema compatibility version are same or greater than current

11/15/18 14:45:08:362 | [INFO] |  | ASU | OPM | IMSLibHelper |  |  | 433199 | OPMWrapper allocation succeeded
11/15/18 14:45:08:362 | [INFO] |  | ASU | OPM | IMSLib |  |  | 433199 | This product version is for GM
11/15/18 14:45:08:374 | [INFO] |  | ASU | OPM | IMSLib |  |  | 433199 | URL retreived from dispatchlib https://ims-prod06.adobelogin.com
11/15/18 14:45:08:375 | [INFO] |  | ASU | OPM | IMSLib |  |  | 433199 | Created IMSLib instance with endpoint:https://ims-prod06.adobelogin.com in IMS_createRefExWithXMLParams
11/15/18 14:45:08:375 | [INFO] |  | ASU | OPM | OPM |  |  | 433199 | _opm_handle_OPDReturnedStatus called with opdStatus as:0
11/15/18 14:45:08:375 | [INFO] |  | ASU | OPM | OPM |  |  | 433199 | No Record found for the input fields in opm_getValueForKey
11/15/18 14:45:08:375 | [INFO] |  | ASU | OPM | IMSLib_OPMWrapper |  |  | 433199 | Failed in getting value for key in OPMGetValueForKey domain:OOBE subDomain:ProxyCredentials key:ProxyUsername
11/15/18 14:45:08:375 | [INFO] |  | ASU | OPM | IMSLibHelper |  |  | 433199 | Failed to get proxy user name from local db in getProxyCredentialsFromLocalStore
11/15/18 14:45:08:376 | [INFO] |  | ASU | OPM | IMSLib |  |  | 433199 | Failed to get proxy credentials from local store in IMS_createRefExWithXMLParams
11/15/18 14:45:08:376 | [INFO] |  | ASU | OPM | IMSLib |  |  | 433199 | Performing IMS_registerClientToGroup..
11/15/18 14:45:08:376 | [INFO] |  | ASU | OPM | OPM |  |  | 433199 | Performing opm_getRecords...
11/15/18 14:45:08:376 | [INFO] |  | ASU | OPM | OPM |  |  | 433199 | _opm_handle_OPDReturnedStatus called with opdStatus as:0
11/15/18 14:45:08:377 | [INFO] |  | ASU | OPM | OPM |  |  | 433199 | _opm_handle_OPDReturnedStatus called with opdStatus as:0
11/15/18 14:45:08:377 | [INFO] |  | ASU | OPM | OPM |  |  | 433199 | returning size of value as:86 in opm_getValueForKey
11/15/18 14:45:08:377 | [INFO] |  | ASU | OPM | OPM |  |  | 433199 | _opm_handle_OPDReturnedStatus called with opdStatus as:0
11/15/18 14:45:08:377 | [INFO] |  | ASU | OPM | OPM |  |  | 433199 | Successfully retreived value from opm domain:IMSLib subdomain:BuddyGroup key:0 in opm_getValueForKey
11/15/18 14:45:08:377 | [INFO] |  | ASU | OPM | P7Native |  |  | 433199 | Successfully registered AAM Client to Buddy group in pwa_openIMSLibSessionWithXMLParams.
11/15/18 14:45:08:380 | [INFO] |  | ASU | OPM | P7Native |  |  | 433199 | Performing registeration of client to group
11/15/18 14:45:08:381 | [INFO] |  | ASU | OPM | IMSLib |  |  | 433199 | Performing IMS_registerClientToGroup..
11/15/18 14:45:08:381 | [INFO] |  | ASU | OPM | OPM |  |  | 433199 | Performing opm_getRecords...
11/15/18 14:45:08:382 | [INFO] |  | ASU | OPM | OPM |  |  | 433199 | _opm_handle_OPDReturnedStatus called with opdStatus as:0
11/15/18 14:45:08:382 | [INFO] |  | ASU | OPM | OPM |  |  | 433199 | _opm_handle_OPDReturnedStatus called with opdStatus as:0
11/15/18 14:45:08:382 | [INFO] |  | ASU | OPM | OPM |  |  | 433199 | returning size of value as:86 in opm_getValueForKey
11/15/18 14:45:08:383 | [INFO] |  | ASU | OPM | OPM |  |  | 433199 | _opm_handle_OPDReturnedStatus called with opdStatus as:0
11/15/18 14:45:08:383 | [INFO] |  | ASU | OPM | OPM |  |  | 433199 | Successfully retreived value from opm domain:IMSLib subdomain:BuddyGroup key:0 in opm_getValueForKey
11/15/18 14:45:08:383 | [INFO] |  | ASU | OPM | P7Native |  |  | 433199 | Registered Client to group successfully!
11/15/18 14:45:08:385 | [INFO] |  | ASU | OPM | P7Native |  |  | 433199 | Performing fetch default user for clientID...
11/15/18 14:45:08:385 | [INFO] |  | ASU | OPM | IMSLib |  |  | 433199 | Performing fetchDefaultUserInfoForClientId...
11/15/18 14:45:08:385 | [INFO] |  | ASU | OPM | OPM |  |  | 433199 | _opm_handle_OPDReturnedStatus called with opdStatus as:0
11/15/18 14:45:08:385 | [INFO] |  | ASU | OPM | OPM |  |  | 433199 | No Record found for the input fields in opm_getValueForKey
11/15/18 14:45:08:386 | [INFO] |  | ASU | OPM | IMSLib_OPMWrapper |  |  | 433199 | Failed in getting value for key in OPMGetValueForKey domain:IMSLib subDomain:CSServiceMap key:CreativeCloud_v4_0
11/15/18 14:45:08:386 | [WARN] |  | ASU | OPM | IMSLibHelper |  |  | 433199 | Failed in fetching default user id for the service, while processing fetchDefaultUserGUIDForClientID
11/15/18 14:45:08:386 | [INFO] |  | ASU | OPM | IMSLib |  |  | 433199 | Failed to get default user for clientId in fetchDefaultUserInfoForClientId...
11/15/18 14:45:08:386 | [WARN] |  | ASU | OPM | P7Native |  |  | 433199 | failed in IMSLib's fetchDefaultUserInfoForClientId function, in getDefaultUserForClientId
11/15/18 14:45:08:387 | [INFO] |  | ASU | OPM | IMSLib |  |  | 433199 | Performing releaseData...
11/15/18 14:45:08:387 | [INFO] |  | ASU | OPM | P7Native |  |  | 433199 | Unable to find default user for client_id: CreativeCloud_v4_0
11/15/18 14:45:09:615 | [INFO] |  | ASU | IMSLib | IMSLib |  |  | 433422 | Build Version - 10.0.0.15
11/15/18 14:45:09:615 | [INFO] |  | ASU | IMSLib | IMSLib |  |  | 433422 | Logging Level verbosity Set  to 4
11/15/18 14:45:09:716 | [INFO] |  | ASU | IMSLib | IMSLib |  |  | 433422 | Creating IMSLib Ex instance ...
11/15/18 14:45:09:717 | [INFO] |  | ASU | OPM | OPM |  |  | 433422 | Build Version - 10.0.0.15
11/15/18 14:45:09:717 | [INFO] |  | ASU | OPM | OPM |  |  | 433422 | Logging Level verbosity Set  to 4
11/15/18 14:45:09:740 | [INFO] |  | ASU | OPM | OPM |  |  | 433422 | Schema version and schema compatibility version are same or greater than current

11/15/18 14:45:09:740 | [INFO] |  | ASU | OPM | IMSLibHelper |  |  | 433422 | OPMWrapper allocation succeeded
11/15/18 14:45:09:857 | [INFO] |  | ASU | OPM | OPM |  |  | 433422 | _opm_handle_OPDReturnedStatus called with opdStatus as:0
11/15/18 14:45:09:857 | [INFO] |  | ASU | OPM | OPM |  |  | 433422 | No Record found for the input fields in opm_getValueForKey
11/15/18 14:45:09:857 | [INFO] |  | ASU | OPM | IMSLib_OPMWrapper |  |  | 433422 | Failed in getting value for key in OPMGetValueForKey domain:OOBE subDomain:ProxyCredentials key:ProxyUsername
11/15/18 14:45:09:858 | [INFO] |  | ASU | OPM | IMSLibHelper |  |  | 433422 | Failed to get proxy user name from local db in getProxyCredentialsFromLocalStore
11/15/18 14:45:09:858 | [INFO] |  | ASU | OPM | IMSLib |  |  | 433422 | Failed get proxy credentials from local store while creating IMSLib Ex instance ...
11/15/18 14:45:09:859 | [INFO] |  | ASU | OPM | IMSLib |  |  | 433422 | Performing fetchDefaultUserInfoForClientId...
11/15/18 14:45:09:859 | [INFO] |  | ASU | OPM | OPM |  |  | 433422 | _opm_handle_OPDReturnedStatus called with opdStatus as:0
11/15/18 14:45:09:877 | [INFO] |  | ASU | OPM | OPM |  |  | 433422 | No Record found for the input fields in opm_getValueForKey
11/15/18 14:45:09:877 | [INFO] |  | ASU | OPM | IMSLib_OPMWrapper |  |  | 433422 | Failed in getting value for key in OPMGetValueForKey domain:IMSLib subDomain:CSServiceMap key:CCXInAppWelcomeProcess
11/15/18 14:45:09:878 | [WARN] |  | ASU | OPM | IMSLibHelper |  |  | 433422 | Failed in fetching default user id for the service, while processing fetchDefaultUserGUIDForClientID
11/15/18 14:45:09:878 | [INFO] |  | ASU | OPM | IMSLib |  |  | 433422 | Failed to get default user for clientId in fetchDefaultUserInfoForClientId...
11/15/18 14:45:09:879 | [INFO] |  | ASU | OPM | IMSLib |  |  | 433422 | Releasing IMSLib instance
11/15/18 14:45:09:879 | [INFO] |  | ASU | OPM | IMSLib |  |  | 433422 | IMSLib instance released ...
11/15/18 14:45:10:012 | [INFO] |  | ASU | IMSLib | IMSLib |  |  | 433422 | Build Version - 10.0.0.15
11/15/18 14:45:10:012 | [INFO] |  | ASU | IMSLib | IMSLib |  |  | 433422 | Logging Level verbosity Set  to 4
11/15/18 14:45:10:012 | [INFO] |  | ASU | IMSLib | IMSLib |  |  | 433422 | Creating IMSLib Ex instance ...
11/15/18 14:45:10:013 | [INFO] |  | ASU | OPM | OPM |  |  | 433422 | Build Version - 10.0.0.15
11/15/18 14:45:10:013 | [INFO] |  | ASU | OPM | OPM |  |  | 433422 | Logging Level verbosity Set  to 4
11/15/18 14:45:10:016 | [INFO] |  | ASU | OPM | OPM |  |  | 433422 | Schema version and schema compatibility version are same or greater than current

11/15/18 14:45:10:016 | [INFO] |  | ASU | OPM | IMSLibHelper |  |  | 433422 | OPMWrapper allocation succeeded
11/15/18 14:45:10:016 | [INFO] |  | ASU | OPM | OPM |  |  | 433422 | _opm_handle_OPDReturnedStatus called with opdStatus as:0
11/15/18 14:45:10:016 | [INFO] |  | ASU | OPM | OPM |  |  | 433422 | No Record found for the input fields in opm_getValueForKey
11/15/18 14:45:10:016 | [INFO] |  | ASU | OPM | IMSLib_OPMWrapper |  |  | 433422 | Failed in getting value for key in OPMGetValueForKey domain:OOBE subDomain:ProxyCredentials key:ProxyUsername
11/15/18 14:45:10:016 | [INFO] |  | ASU | OPM | IMSLibHelper |  |  | 433422 | Failed to get proxy user name from local db in getProxyCredentialsFromLocalStore
11/15/18 14:45:10:017 | [INFO] |  | ASU | OPM | IMSLib |  |  | 433422 | Failed get proxy credentials from local store while creating IMSLib Ex instance ...
11/15/18 14:45:10:017 | [INFO] |  | ASU | OPM | IMSLib |  |  | 433422 | Performing fetchDefaultUserInfoForClientId...
11/15/18 14:45:10:017 | [INFO] |  | ASU | OPM | OPM |  |  | 433422 | _opm_handle_OPDReturnedStatus called with opdStatus as:0
11/15/18 14:45:10:017 | [INFO] |  | ASU | OPM | OPM |  |  | 433422 | No Record found for the input fields in opm_getValueForKey
11/15/18 14:45:10:017 | [INFO] |  | ASU | OPM | IMSLib_OPMWrapper |  |  | 433422 | Failed in getting value for key in OPMGetValueForKey domain:IMSLib subDomain:CSServiceMap key:CCXInAppWelcomeProcess
11/15/18 14:45:10:018 | [WARN] |  | ASU | OPM | IMSLibHelper |  |  | 433422 | Failed in fetching default user id for the service, while processing fetchDefaultUserGUIDForClientID
11/15/18 14:45:10:018 | [INFO] |  | ASU | OPM | IMSLib |  |  | 433422 | Failed to get default user for clientId in fetchDefaultUserInfoForClientId...
11/15/18 14:45:10:018 | [INFO] |  | ASU | OPM | IMSLib |  |  | 433422 | Releasing IMSLib instance
11/15/18 14:45:10:018 | [INFO] |  | ASU | OPM | IMSLib |  |  | 433422 | IMSLib instance released ...
11/15/18 14:45:10:019 | [INFO] |  | ASU | IMSLib | IMSLib |  |  | 433422 | Build Version - 10.0.0.15
11/15/18 14:45:10:019 | [INFO] |  | ASU | IMSLib | IMSLib |  |  | 433422 | Logging Level verbosity Set  to 4
11/15/18 14:45:10:019 | [INFO] |  | ASU | IMSLib | IMSLib |  |  | 433422 | Creating IMSLib Ex instance ...
11/15/18 14:45:10:019 | [INFO] |  | ASU | OPM | OPM |  |  | 433422 | Build Version - 10.0.0.15
11/15/18 14:45:10:019 | [INFO] |  | ASU | OPM | OPM |  |  | 433422 | Logging Level verbosity Set  to 4
11/15/18 14:45:10:021 | [INFO] |  | ASU | OPM | OPM |  |  | 433422 | Schema version and schema compatibility version are same or greater than current

11/15/18 14:45:10:021 | [INFO] |  | ASU | OPM | IMSLibHelper |  |  | 433422 | OPMWrapper allocation succeeded
11/15/18 14:45:10:022 | [INFO] |  | ASU | OPM | OPM |  |  | 433422 | _opm_handle_OPDReturnedStatus called with opdStatus as:0
11/15/18 14:45:10:022 | [INFO] |  | ASU | OPM | OPM |  |  | 433422 | No Record found for the input fields in opm_getValueForKey
11/15/18 14:45:10:022 | [INFO] |  | ASU | OPM | IMSLib_OPMWrapper |  |  | 433422 | Failed in getting value for key in OPMGetValueForKey domain:OOBE subDomain:ProxyCredentials key:ProxyUsername
11/15/18 14:45:10:022 | [INFO] |  | ASU | OPM | IMSLibHelper |  |  | 433422 | Failed to get proxy user name from local db in getProxyCredentialsFromLocalStore
11/15/18 14:45:10:022 | [INFO] |  | ASU | OPM | IMSLib |  |  | 433422 | Failed get proxy credentials from local store while creating IMSLib Ex instance ...
11/15/18 14:45:10:022 | [INFO] |  | ASU | OPM | IMSLib |  |  | 433422 | Performing fetchDefaultUserInfoForClientId...
11/15/18 14:45:10:023 | [INFO] |  | ASU | OPM | OPM |  |  | 433422 | _opm_handle_OPDReturnedStatus called with opdStatus as:0
11/15/18 14:45:10:023 | [INFO] |  | ASU | OPM | OPM |  |  | 433422 | No Record found for the input fields in opm_getValueForKey
11/15/18 14:45:10:023 | [INFO] |  | ASU | OPM | IMSLib_OPMWrapper |  |  | 433422 | Failed in getting value for key in OPMGetValueForKey domain:IMSLib subDomain:CSServiceMap key:CCXInAppWelcomeProcess
11/15/18 14:45:10:023 | [WARN] |  | ASU | OPM | IMSLibHelper |  |  | 433422 | Failed in fetching default user id for the service, while processing fetchDefaultUserGUIDForClientID
11/15/18 14:45:10:023 | [INFO] |  | ASU | OPM | IMSLib |  |  | 433422 | Failed to get default user for clientId in fetchDefaultUserInfoForClientId...
11/15/18 14:45:10:024 | [INFO] |  | ASU | OPM | IMSLib |  |  | 433422 | Releasing IMSLib instance
11/15/18 14:45:10:024 | [INFO] |  | ASU | OPM | IMSLib |  |  | 433422 | IMSLib instance released ...
11/15/18 14:45:10:025 | [INFO] |  | ASU | IMSLib | IMSLib |  |  | 433422 | Build Version - 10.0.0.15
11/15/18 14:45:10:025 | [INFO] |  | ASU | IMSLib | IMSLib |  |  | 433422 | Logging Level verbosity Set  to 4
11/15/18 14:45:10:025 | [INFO] |  | ASU | IMSLib | IMSLib |  |  | 433422 | Creating IMSLib Ex instance ...
11/15/18 14:45:10:026 | [INFO] |  | ASU | OPM | OPM |  |  | 433422 | Build Version - 10.0.0.15
11/15/18 14:45:10:026 | [INFO] |  | ASU | OPM | OPM |  |  | 433422 | Logging Level verbosity Set  to 4
11/15/18 14:45:10:028 | [INFO] |  | ASU | OPM | OPM |  |  | 433422 | Schema version and schema compatibility version are same or greater than current

11/15/18 14:45:10:028 | [INFO] |  | ASU | OPM | IMSLibHelper |  |  | 433422 | OPMWrapper allocation succeeded
11/15/18 14:45:10:028 | [INFO] |  | ASU | OPM | OPM |  |  | 433422 | _opm_handle_OPDReturnedStatus called with opdStatus as:0
11/15/18 14:45:10:029 | [INFO] |  | ASU | OPM | OPM |  |  | 433422 | No Record found for the input fields in opm_getValueForKey
11/15/18 14:45:10:029 | [INFO] |  | ASU | OPM | IMSLib_OPMWrapper |  |  | 433422 | Failed in getting value for key in OPMGetValueForKey domain:OOBE subDomain:ProxyCredentials key:ProxyUsername
11/15/18 14:45:10:029 | [INFO] |  | ASU | OPM | IMSLibHelper |  |  | 433422 | Failed to get proxy user name from local db in getProxyCredentialsFromLocalStore
11/15/18 14:45:10:029 | [INFO] |  | ASU | OPM | IMSLib |  |  | 433422 | Failed get proxy credentials from local store while creating IMSLib Ex instance ...
11/15/18 14:45:10:029 | [INFO] |  | ASU | OPM | IMSLib |  |  | 433422 | Performing fetchDefaultUserInfoForClientId...
11/15/18 14:45:10:029 | [INFO] |  | ASU | OPM | OPM |  |  | 433422 | _opm_handle_OPDReturnedStatus called with opdStatus as:0
11/15/18 14:45:10:030 | [INFO] |  | ASU | OPM | OPM |  |  | 433422 | No Record found for the input fields in opm_getValueForKey
11/15/18 14:45:10:030 | [INFO] |  | ASU | OPM | IMSLib_OPMWrapper |  |  | 433422 | Failed in getting value for key in OPMGetValueForKey domain:IMSLib subDomain:CSServiceMap key:CCXInAppWelcomeProcess
11/15/18 14:45:10:030 | [WARN] |  | ASU | OPM | IMSLibHelper |  |  | 433422 | Failed in fetching default user id for the service, while processing fetchDefaultUserGUIDForClientID
11/15/18 14:45:10:030 | [INFO] |  | ASU | OPM | IMSLib |  |  | 433422 | Failed to get default user for clientId in fetchDefaultUserInfoForClientId...
11/15/18 14:45:10:030 | [INFO] |  | ASU | OPM | IMSLib |  |  | 433422 | Releasing IMSLib instance
11/15/18 14:45:10:030 | [INFO] |  | ASU | OPM | IMSLib |  |  | 433422 | IMSLib instance released ...
11/15/18 14:50:15:470 | [INFO] |  | ASU | IMSLib | IMSLib |  |  | 433422 | Build Version - 10.0.0.15
11/15/18 14:50:15:490 | [INFO] |  | ASU | IMSLib | IMSLib |  |  | 433422 | Logging Level verbosity Set  to 4
11/15/18 14:50:15:490 | [INFO] |  | ASU | IMSLib | IMSLib |  |  | 433422 | Creating IMSLib Ex instance ...
11/15/18 14:50:15:491 | [INFO] |  | ASU | OPM | OPM |  |  | 433422 | Build Version - 10.0.0.15
11/15/18 14:50:15:491 | [INFO] |  | ASU | OPM | OPM |  |  | 433422 | Logging Level verbosity Set  to 4
11/15/18 14:50:15:494 | [INFO] |  | ASU | OPM | OPM |  |  | 433422 | Schema version and schema compatibility version are same or greater than current

11/15/18 14:50:15:494 | [INFO] |  | ASU | OPM | IMSLibHelper |  |  | 433422 | OPMWrapper allocation succeeded
11/15/18 14:50:15:494 | [INFO] |  | ASU | OPM | OPM |  |  | 433422 | _opm_handle_OPDReturnedStatus called with opdStatus as:0
11/15/18 14:50:15:494 | [INFO] |  | ASU | OPM | OPM |  |  | 433422 | No Record found for the input fields in opm_getValueForKey
11/15/18 14:50:15:495 | [INFO] |  | ASU | OPM | IMSLib_OPMWrapper |  |  | 433422 | Failed in getting value for key in OPMGetValueForKey domain:OOBE subDomain:ProxyCredentials key:ProxyUsername
11/15/18 14:50:15:495 | [INFO] |  | ASU | OPM | IMSLibHelper |  |  | 433422 | Failed to get proxy user name from local db in getProxyCredentialsFromLocalStore
11/15/18 14:50:15:495 | [INFO] |  | ASU | OPM | IMSLib |  |  | 433422 | Failed get proxy credentials from local store while creating IMSLib Ex instance ...
11/15/18 14:50:15:495 | [INFO] |  | ASU | OPM | IMSLib |  |  | 433422 | Performing fetchDefaultUserInfoForClientId...
11/15/18 14:50:15:496 | [INFO] |  | ASU | OPM | OPM |  |  | 433422 | _opm_handle_OPDReturnedStatus called with opdStatus as:0
11/15/18 14:50:15:496 | [INFO] |  | ASU | OPM | OPM |  |  | 433422 | No Record found for the input fields in opm_getValueForKey
11/15/18 14:50:15:496 | [INFO] |  | ASU | OPM | IMSLib_OPMWrapper |  |  | 433422 | Failed in getting value for key in OPMGetValueForKey domain:IMSLib subDomain:CSServiceMap key:CCXInAppWelcomeProcess
11/15/18 14:50:15:496 | [WARN] |  | ASU | OPM | IMSLibHelper |  |  | 433422 | Failed in fetching default user id for the service, while processing fetchDefaultUserGUIDForClientID
11/15/18 14:50:15:496 | [INFO] |  | ASU | OPM | IMSLib |  |  | 433422 | Failed to get default user for clientId in fetchDefaultUserInfoForClientId...
11/15/18 14:50:15:497 | [INFO] |  | ASU | OPM | IMSLib |  |  | 433422 | Releasing IMSLib instance
11/15/18 14:50:15:497 | [INFO] |  | ASU | OPM | IMSLib |  |  | 433422 | IMSLib instance released ...
